<?xml version="1.0" encoding="UTF-8"?>
<testsuite name="com.levelup.forestsandmonsters.GameControllerTest" tests="1" skipped="0" failures="0" errors="0" timestamp="2023-11-17T23:46:20" hostname="BRANCHGAMING" time="0.002">
  <properties/>
  <testcase name="InitializationCreatesResults" classname="com.levelup.forestsandmonsters.GameControllerTest" time="0.002"/>
  <system-out><![CDATA[]]></system-out>
  <system-err><![CDATA[]]></system-err>
</testsuite>
